<?xml version="1.0" encoding="UTF-8"?>
<testng-results ignored="0" total="1" passed="1" failed="0" skipped="0">
  <reporter-output>
  </reporter-output>
  <suite started-at="2024-06-10T19:03:05 IST" name="Default suite" finished-at="2024-06-10T19:03:27 IST" duration-ms="21908">
    <groups>
    </groups>
    <test started-at="2024-06-10T19:03:05 IST" name="Default test" finished-at="2024-06-10T19:03:27 IST" duration-ms="21908">
      <class name="MobileGesture.SwipeGesture">
        <test-method is-config="true" signature="ConfigureAppium()[pri:0, instance:MobileGesture.SwipeGesture@6cb107fd]" started-at="2024-06-10T19:03:05 IST" name="ConfigureAppium" finished-at="2024-06-10T19:03:18 IST" duration-ms="13366" status="PASS">
          <reporter-output>
          </reporter-output>
        </test-method> <!-- ConfigureAppium -->
        <test-method signature="MobileGestureSwipe()[pri:0, instance:MobileGesture.SwipeGesture@6cb107fd]" started-at="2024-06-10T19:03:18 IST" name="MobileGestureSwipe" finished-at="2024-06-10T19:03:26 IST" duration-ms="7425" status="PASS">
          <reporter-output>
          </reporter-output>
        </test-method> <!-- MobileGestureSwipe -->
        <test-method is-config="true" signature="closeServerServices()[pri:0, instance:MobileGesture.SwipeGesture@6cb107fd]" started-at="2024-06-10T19:03:26 IST" name="closeServerServices" finished-at="2024-06-10T19:03:27 IST" duration-ms="1050" status="PASS">
          <reporter-output>
          </reporter-output>
        </test-method> <!-- closeServerServices -->
      </class> <!-- MobileGesture.SwipeGesture -->
    </test> <!-- Default test -->
  </suite> <!-- Default suite -->
</testng-results>
